<?xml version="1.0" encoding="utf-8" standalone="no"?>
<test-results xmlns:xsi="http://www.w3.org/2001/XMLSchema-instance" xsi:noNamespaceSchemaLocation="nunit_schema_2.5.xsd" name="Pester" total="1" errors="0" failures="0" not-run="0" inconclusive="0" ignored="0" skipped="0" invalid="0" date="2018-04-09" time="15:30:12">
  <environment machine-name="DESKTOP-TUE6A2U" nunit-version="2.5.8.0" clr-version="Unknown" platform="Microsoft Windows 10 Enterprise|C:\WINDOWS|\Device\Harddisk0\Partition2" cwd="C:\src\puppet_testing_powershell" user="bhurt" user-domain="DESKTOP-TUE6A2U" os-version="10.0.16299" />
  <culture-info current-culture="en-US" current-uiculture="en-US" />
  <test-suite type="TestFixture" name="Pester" executed="True" result="Success" success="True" time="0.4943" asserts="0" description="Pester">
    <results>
      <test-suite type="TestFixture" name="C:\src\puppet_testing_powershell\test\puppet_testing_powershell.Tests.ps1" executed="True" result="Success" success="True" time="0.4943" asserts="0" description="C:\src\puppet_testing_powershell\test\puppet_testing_powershell.Tests.ps1">
        <results>
          <test-suite type="TestFixture" name="Module Manifest Tests" executed="True" result="Success" success="True" time="0.4943" asserts="0" description="Module Manifest Tests">
            <results>
              <test-case description="Passes Test-ModuleManifest" name="Module Manifest Tests.Passes Test-ModuleManifest" time="0.4943" asserts="0" success="True" result="Success" executed="True" />
            </results>
          </test-suite>
        </results>
      </test-suite>
    </results>
  </test-suite>
</test-results>